<?xml version="1.0" encoding="UTF-8" ?>
<testsuite errors="0" failures="1" hostname="Guest644" name="CalculatorTest" skipped="0" tests="1" time="0.125" timestamp="2017-03-03T18:55:53">
  <properties>
[...]
</properties>
  <testcase classname="CalculatorTest" name="evaluatesExpression" time="0.016">
    <failure message="expected:&lt;6&gt; but was:&lt;-6&gt;" type="junit.framework.AssertionFailedError">junit.framework.AssertionFailedError: expected:&lt;6&gt; but was:&lt;-6&gt;
	at CalculatorTest.evaluatesExpression(Unknown Source)
</failure>
  </testcase>
  <system-out><![CDATA[]]></system-out>
  <system-err><![CDATA[]]></system-err>
</testsuite>
